  main.cpp
C:\Dev\CppSerious\sourcecode\glog\src\glog\logging.h(105,7): warning C4251: “google::LogMessageTime::timestamp_”: class“std::chrono::time_point<std::chrono::system_clock,std::chrono::duration<std::chrono::system_clock::rep,std::chrono::system_clock::period>>”需要有 dll 接口由 struct“google::LogMessageTime”的客户端使用 
  (编译源文件“src/main.cpp”)
      C:\Program Files\Microsoft Visual Studio\2022\Community\VC\Tools\MSVC\14.38.33130\include\__msvc_chrono.hpp(638,51):
      参见“std::chrono::time_point<std::chrono::system_clock,std::chrono::duration<std::chrono::system_clock::rep,std::chrono::system_clock::period>>”的声明
  
C:\Dev\CppSerious\sourcecode\glog\src\glog\logging.h(106,29): warning C4251: “google::LogMessageTime::usecs_”: class“std::chrono::duration<__int64,std::micro>”需要有 dll 接口由 struct“google::LogMessageTime”的客户端使用 
  (编译源文件“src/main.cpp”)
      C:\Program Files\Microsoft Visual Studio\2022\Community\VC\Tools\MSVC\14.38.33130\include\__msvc_chrono.hpp(510,38):
      参见“std::chrono::duration<__int64,std::micro>”的声明
  
C:\Dev\CppSerious\sourcecode\glog\src\glog\logging.h(107,24): warning C4251: “google::LogMessageTime::gmtoffset_”: class“std::chrono::duration<__int64,std::ratio<1,1>>”需要有 dll 接口由 struct“google::LogMessageTime”的客户端使用 
  (编译源文件“src/main.cpp”)
      C:\Program Files\Microsoft Visual Studio\2022\Community\VC\Tools\MSVC\14.38.33130\include\__msvc_chrono.hpp(512,38):
      参见“std::chrono::duration<__int64,std::ratio<1,1>>”的声明
  
C:\Dev\CppSerious\sourcecode\glog\src\glog\logging.h(90,51): warning C4244: “return”: 从“_Rep”转换到“long”，可能丢失数据
C:\Dev\CppSerious\sourcecode\glog\src\glog\logging.h(90,51): warning C4244:         with
C:\Dev\CppSerious\sourcecode\glog\src\glog\logging.h(90,51): warning C4244:         [
C:\Dev\CppSerious\sourcecode\glog\src\glog\logging.h(90,51): warning C4244:             _Rep=__int64
C:\Dev\CppSerious\sourcecode\glog\src\glog\logging.h(90,51): warning C4244:         ]
  (编译源文件“src/main.cpp”)
  
  Log.cpp
  pch.cpp
  正在生成代码...
  pathplanning.vcxproj -> C:\Dev\CppSerious\pathplanning\x64\Debug\pathplanning.exe
