c:\dev\cppserious\pathplanning\pathplanning\x64\debug\vc143.pdb
c:\dev\cppserious\pathplanning\pathplanning\x64\debug\main.obj
c:\dev\cppserious\pathplanning\pathplanning\x64\debug\dijsktra_core.obj
c:\dev\cppserious\pathplanning\pathplanning\x64\debug\pathplanning.ilk
c:\dev\cppserious\pathplanning\pathplanning\x64\debug\pch.obj
c:\dev\cppserious\pathplanning\pathplanning\x64\debug\pch1.obj
c:\dev\cppserious\pathplanning\x64\debug\pathplanning.pdb
c:\dev\cppserious\pathplanning\pathplanning\x64\debug\pathplanning.tlog\cl.command.1.tlog
c:\dev\cppserious\pathplanning\pathplanning\x64\debug\pathplanning.tlog\cl.items.tlog
c:\dev\cppserious\pathplanning\pathplanning\x64\debug\pathplanning.tlog\cl.read.1.tlog
c:\dev\cppserious\pathplanning\pathplanning\x64\debug\pathplanning.tlog\cl.write.1.tlog
c:\dev\cppserious\pathplanning\pathplanning\x64\debug\pathplanning.tlog\link-cvtres.read.1.tlog
c:\dev\cppserious\pathplanning\pathplanning\x64\debug\pathplanning.tlog\link-cvtres.write.1.tlog
c:\dev\cppserious\pathplanning\pathplanning\x64\debug\pathplanning.tlog\link-rc.read.1.tlog
c:\dev\cppserious\pathplanning\pathplanning\x64\debug\pathplanning.tlog\link-rc.write.1.tlog
c:\dev\cppserious\pathplanning\pathplanning\x64\debug\pathplanning.tlog\link.6076-cvtres.read.1.tlog
c:\dev\cppserious\pathplanning\pathplanning\x64\debug\pathplanning.tlog\link.6076-cvtres.write.1.tlog
c:\dev\cppserious\pathplanning\pathplanning\x64\debug\pathplanning.tlog\link.6076-rc.read.1.tlog
c:\dev\cppserious\pathplanning\pathplanning\x64\debug\pathplanning.tlog\link.6076-rc.write.1.tlog
c:\dev\cppserious\pathplanning\pathplanning\x64\debug\pathplanning.tlog\link.6076.read.1.tlog
c:\dev\cppserious\pathplanning\pathplanning\x64\debug\pathplanning.tlog\link.6076.read.2.tlog
c:\dev\cppserious\pathplanning\pathplanning\x64\debug\pathplanning.tlog\link.6076.read.3.tlog
c:\dev\cppserious\pathplanning\pathplanning\x64\debug\pathplanning.tlog\link.6076.read.4.tlog
c:\dev\cppserious\pathplanning\pathplanning\x64\debug\pathplanning.tlog\link.6076.read.5.tlog
c:\dev\cppserious\pathplanning\pathplanning\x64\debug\pathplanning.tlog\link.6076.write.1.tlog
c:\dev\cppserious\pathplanning\pathplanning\x64\debug\pathplanning.tlog\link.command.1.tlog
c:\dev\cppserious\pathplanning\pathplanning\x64\debug\pathplanning.tlog\link.read.1.tlog
c:\dev\cppserious\pathplanning\pathplanning\x64\debug\pathplanning.tlog\link.read.2.tlog
c:\dev\cppserious\pathplanning\pathplanning\x64\debug\pathplanning.tlog\link.read.3.tlog
c:\dev\cppserious\pathplanning\pathplanning\x64\debug\pathplanning.tlog\link.read.4.tlog
c:\dev\cppserious\pathplanning\pathplanning\x64\debug\pathplanning.tlog\link.read.5.tlog
c:\dev\cppserious\pathplanning\pathplanning\x64\debug\pathplanning.tlog\link.read.6.tlog
c:\dev\cppserious\pathplanning\pathplanning\x64\debug\pathplanning.tlog\link.secondary.1.tlog
c:\dev\cppserious\pathplanning\pathplanning\x64\debug\pathplanning.tlog\link.write.1.tlog
